{"/mnt/f/webdeveloper/z7z8/lj/test.js":{"path":"/mnt/f/webdeveloper/z7z8/lj/test.js","s":{"1":1,"2":1,"3":1,"4":1,"5":1,"6":1,"7":1,"8":1,"9":1,"10":1,"11":1,"12":1},"b":{},"f":{},"fnMap":{},"statementMap":{"1":{"start":{"line":1,"column":0},"end":{"line":1,"column":37}},"2":{"start":{"line":2,"column":0},"end":{"line":2,"column":41}},"3":{"start":{"line":5,"column":0},"end":{"line":18,"column":2}},"4":{"start":{"line":6,"column":1},"end":{"line":9,"column":3}},"5":{"start":{"line":7,"column":2},"end":{"line":7,"column":13}},"6":{"start":{"line":8,"column":2},"end":{"line":8,"column":50}},"7":{"start":{"line":10,"column":1},"end":{"line":13,"column":3}},"8":{"start":{"line":11,"column":2},"end":{"line":11,"column":27}},"9":{"start":{"line":12,"column":2},"end":{"line":12,"column":62}},"10":{"start":{"line":14,"column":1},"end":{"line":17,"column":3}},"11":{"start":{"line":15,"column":2},"end":{"line":15,"column":27}},"12":{"start":{"line":16,"column":2},"end":{"line":16,"column":51}}},"branchMap":{}},"/mnt/f/webdeveloper/z7z8/lj/short.js":{"path":"/mnt/f/webdeveloper/z7z8/lj/short.js","s":{"1":1,"2":3,"3":3,"4":15,"5":15,"6":15,"7":48,"8":4,"9":4,"10":4,"11":48,"12":48,"13":15,"14":11,"15":4,"16":4,"17":4,"18":15,"19":3,"20":1},"b":{"1":[4,44],"2":[4,0],"3":[4,2],"4":[11,4]},"f":{"1":3},"fnMap":{"1":{"name":"shortestSubarray","line":1,"loc":{"start":{"line":1,"column":0},"end":{"line":1,"column":57}}}},"statementMap":{"1":{"start":{"line":1,"column":0},"end":{"line":25,"column":1}},"2":{"start":{"line":2,"column":1},"end":{"line":2,"column":23}},"3":{"start":{"line":3,"column":1},"end":{"line":23,"column":2}},"4":{"start":{"line":4,"column":2},"end":{"line":4,"column":22}},"5":{"start":{"line":5,"column":2},"end":{"line":5,"column":27}},"6":{"start":{"line":6,"column":2},"end":{"line":14,"column":3}},"7":{"start":{"line":7,"column":3},"end":{"line":11,"column":4}},"8":{"start":{"line":8,"column":4},"end":{"line":8,"column":54}},"9":{"start":{"line":9,"column":4},"end":{"line":9,"column":20}},"10":{"start":{"line":10,"column":4},"end":{"line":10,"column":25}},"11":{"start":{"line":12,"column":3},"end":{"line":12,"column":44}},"12":{"start":{"line":13,"column":3},"end":{"line":13,"column":14}},"13":{"start":{"line":15,"column":2},"end":{"line":21,"column":3}},"14":{"start":{"line":16,"column":3},"end":{"line":16,"column":22}},"15":{"start":{"line":18,"column":3},"end":{"line":18,"column":22}},"16":{"start":{"line":19,"column":3},"end":{"line":19,"column":24}},"17":{"start":{"line":20,"column":3},"end":{"line":20,"column":11}},"18":{"start":{"line":22,"column":2},"end":{"line":22,"column":8}},"19":{"start":{"line":24,"column":1},"end":{"line":24,"column":11}},"20":{"start":{"line":26,"column":0},"end":{"line":26,"column":35}}},"branchMap":{"1":{"line":7,"type":"if","locations":[{"start":{"line":7,"column":3},"end":{"line":7,"column":3}},{"start":{"line":7,"column":3},"end":{"line":7,"column":3}}]},"2":{"line":8,"type":"cond-expr","locations":[{"start":{"line":8,"column":38},"end":{"line":8,"column":50}},{"start":{"line":8,"column":51},"end":{"line":8,"column":54}}]},"3":{"line":8,"type":"binary-expr","locations":[{"start":{"line":8,"column":11},"end":{"line":8,"column":27}},{"start":{"line":8,"column":29},"end":{"line":8,"column":36}}]},"4":{"line":15,"type":"if","locations":[{"start":{"line":15,"column":2},"end":{"line":15,"column":2}},{"start":{"line":15,"column":2},"end":{"line":15,"column":2}}]}}}}