TN:
SF:/mnt/f/webdeveloper/z7z8/lj/test.js
FNF:0
FNH:0
DA:1,1
DA:2,1
DA:5,1
DA:6,1
DA:7,1
DA:8,1
DA:10,1
DA:11,1
DA:12,1
DA:14,1
DA:15,1
DA:16,1
LF:12
LH:12
BRF:0
BRH:0
end_of_record
TN:
SF:/mnt/f/webdeveloper/z7z8/lj/short.js
FN:1,shortestSubarray
FNF:1
FNH:1
FNDA:3,shortestSubarray
DA:1,1
DA:2,3
DA:3,3
DA:4,15
DA:5,15
DA:6,15
DA:7,48
DA:8,4
DA:9,4
DA:10,4
DA:12,48
DA:13,48
DA:15,15
DA:16,11
DA:18,4
DA:19,4
DA:20,4
DA:22,15
DA:24,3
DA:26,1
LF:20
LH:20
BRDA:7,1,0,4
BRDA:7,1,1,44
BRDA:8,2,0,4
BRDA:8,2,1,0
BRDA:8,3,0,4
BRDA:8,3,1,2
BRDA:15,4,0,11
BRDA:15,4,1,4
BRF:8
BRH:7
end_of_record
